{"C:\\Users\\xFatx\\IdeaProjects\\harmoni\\server\\src\\controllers\\configuration.js": {"path":"C:\\Users\\xFatx\\IdeaProjects\\harmoni\\server\\src\\controllers\\configuration.js","statementMap":{"0":{"start":{"line":5,"column":0},"end":{"line":10,"column":1}},"1":{"start":{"line":6,"column":4},"end":{"line":6,"column":42}},"2":{"start":{"line":9,"column":4},"end":{"line":9,"column":18}},"3":{"start":{"line":12,"column":20},"end":{"line":12,"column":56}},"4":{"start":{"line":16,"column":4},"end":{"line":20,"column":5}},"5":{"start":{"line":17,"column":8},"end":{"line":17,"column":46}},"6":{"start":{"line":19,"column":8},"end":{"line":19,"column":53}},"7":{"start":{"line":21,"column":4},"end":{"line":21,"column":20}},"8":{"start":{"line":26,"column":4},"end":{"line":30,"column":5}},"9":{"start":{"line":27,"column":8},"end":{"line":27,"column":43}},"10":{"start":{"line":29,"column":8},"end":{"line":29,"column":50}},"11":{"start":{"line":32,"column":4},"end":{"line":32,"column":20}}},"fnMap":{"0":{"name":"getProductionDatabase","decl":{"start":{"line":14,"column":16},"end":{"line":14,"column":37}},"loc":{"start":{"line":14,"column":106},"end":{"line":22,"column":1}},"line":14},"1":{"name":"getTestingDatabase","decl":{"start":{"line":24,"column":16},"end":{"line":24,"column":34}},"loc":{"start":{"line":24,"column":103},"end":{"line":33,"column":1}},"line":24}},"branchMap":{"0":{"loc":{"start":{"line":16,"column":4},"end":{"line":20,"column":5}},"type":"if","locations":[{"start":{"line":16,"column":4},"end":{"line":20,"column":5}},{"start":{"line":16,"column":4},"end":{"line":20,"column":5}}],"line":16},"1":{"loc":{"start":{"line":26,"column":4},"end":{"line":30,"column":5}},"type":"if","locations":[{"start":{"line":26,"column":4},"end":{"line":30,"column":5}},{"start":{"line":26,"column":4},"end":{"line":30,"column":5}}],"line":26}},"s":{"0":8,"1":8,"2":0,"3":8,"4":0,"5":0,"6":0,"7":0,"8":8,"9":8,"10":0,"11":8},"f":{"0":0,"1":8},"b":{"0":[0,0],"1":[8,0]},"_coverageSchema":"43e27e138ebf9cfc5966b082cf9a028302ed4184","hash":"3bf870579216d5ec761d90cb51ff79066b27b591"}
,"C:\\Users\\xFatx\\IdeaProjects\\harmoni\\server\\src\\dao\\artistDao.js": {"path":"C:\\Users\\xFatx\\IdeaProjects\\harmoni\\server\\src\\dao\\artistDao.js","statementMap":{"0":{"start":{"line":3,"column":12},"end":{"line":3,"column":31}},"1":{"start":{"line":7,"column":8},"end":{"line":7,"column":20}},"2":{"start":{"line":20,"column":21},"end":{"line":20,"column":68}},"3":{"start":{"line":21,"column":8},"end":{"line":23,"column":22}},"4":{"start":{"line":27,"column":21},"end":{"line":27,"column":44}},"5":{"start":{"line":28,"column":8},"end":{"line":30,"column":22}},"6":{"start":{"line":34,"column":21},"end":{"line":34,"column":32}},"7":{"start":{"line":35,"column":8},"end":{"line":37,"column":22}},"8":{"start":{"line":42,"column":21},"end":{"line":42,"column":78}},"9":{"start":{"line":43,"column":8},"end":{"line":45,"column":22}},"10":{"start":{"line":49,"column":20},"end":{"line":49,"column":38}},"11":{"start":{"line":50,"column":8},"end":{"line":52,"column":22}},"12":{"start":{"line":56,"column":8},"end":{"line":58,"column":22}},"13":{"start":{"line":62,"column":20},"end":{"line":62,"column":30}},"14":{"start":{"line":63,"column":8},"end":{"line":65,"column":22}},"15":{"start":{"line":69,"column":20},"end":{"line":69,"column":31}},"16":{"start":{"line":70,"column":8},"end":{"line":72,"column":22}},"17":{"start":{"line":76,"column":21},"end":{"line":76,"column":35}},"18":{"start":{"line":77,"column":8},"end":{"line":79,"column":22}},"19":{"start":{"line":83,"column":20},"end":{"line":83,"column":31}},"20":{"start":{"line":84,"column":8},"end":{"line":86,"column":22}},"21":{"start":{"line":90,"column":21},"end":{"line":90,"column":29}},"22":{"start":{"line":91,"column":8},"end":{"line":93,"column":22}},"23":{"start":{"line":97,"column":21},"end":{"line":97,"column":30}},"24":{"start":{"line":98,"column":8},"end":{"line":100,"column":22}},"25":{"start":{"line":105,"column":20},"end":{"line":105,"column":79}},"26":{"start":{"line":106,"column":8},"end":{"line":108,"column":22}},"27":{"start":{"line":112,"column":21},"end":{"line":112,"column":132}},"28":{"start":{"line":113,"column":8},"end":{"line":115,"column":22}},"29":{"start":{"line":119,"column":21},"end":{"line":119,"column":40}},"30":{"start":{"line":120,"column":8},"end":{"line":122,"column":22}}},"fnMap":{"0":{"name":"(anonymous_0)","decl":{"start":{"line":6,"column":4},"end":{"line":6,"column":5}},"loc":{"start":{"line":6,"column":22},"end":{"line":8,"column":5}},"line":6},"1":{"name":"(anonymous_1)","decl":{"start":{"line":19,"column":4},"end":{"line":19,"column":5}},"loc":{"start":{"line":19,"column":154},"end":{"line":24,"column":5}},"line":19},"2":{"name":"(anonymous_2)","decl":{"start":{"line":26,"column":4},"end":{"line":26,"column":5}},"loc":{"start":{"line":26,"column":115},"end":{"line":31,"column":5}},"line":26},"3":{"name":"(anonymous_3)","decl":{"start":{"line":33,"column":4},"end":{"line":33,"column":5}},"loc":{"start":{"line":33,"column":101},"end":{"line":38,"column":5}},"line":33},"4":{"name":"(anonymous_4)","decl":{"start":{"line":40,"column":4},"end":{"line":40,"column":5}},"loc":{"start":{"line":41,"column":67},"end":{"line":46,"column":5}},"line":41},"5":{"name":"(anonymous_5)","decl":{"start":{"line":48,"column":4},"end":{"line":48,"column":5}},"loc":{"start":{"line":48,"column":101},"end":{"line":53,"column":5}},"line":48},"6":{"name":"(anonymous_6)","decl":{"start":{"line":55,"column":4},"end":{"line":55,"column":5}},"loc":{"start":{"line":55,"column":68},"end":{"line":59,"column":5}},"line":55},"7":{"name":"(anonymous_7)","decl":{"start":{"line":61,"column":4},"end":{"line":61,"column":5}},"loc":{"start":{"line":61,"column":86},"end":{"line":66,"column":5}},"line":61},"8":{"name":"(anonymous_8)","decl":{"start":{"line":68,"column":4},"end":{"line":68,"column":5}},"loc":{"start":{"line":68,"column":92},"end":{"line":73,"column":5}},"line":68},"9":{"name":"(anonymous_9)","decl":{"start":{"line":75,"column":4},"end":{"line":75,"column":5}},"loc":{"start":{"line":75,"column":94},"end":{"line":80,"column":5}},"line":75},"10":{"name":"(anonymous_10)","decl":{"start":{"line":82,"column":4},"end":{"line":82,"column":5}},"loc":{"start":{"line":82,"column":92},"end":{"line":87,"column":5}},"line":82},"11":{"name":"(anonymous_11)","decl":{"start":{"line":89,"column":4},"end":{"line":89,"column":5}},"loc":{"start":{"line":89,"column":86},"end":{"line":94,"column":5}},"line":89},"12":{"name":"(anonymous_12)","decl":{"start":{"line":96,"column":4},"end":{"line":96,"column":5}},"loc":{"start":{"line":96,"column":88},"end":{"line":101,"column":5}},"line":96},"13":{"name":"(anonymous_13)","decl":{"start":{"line":103,"column":4},"end":{"line":103,"column":5}},"loc":{"start":{"line":104,"column":91},"end":{"line":109,"column":5}},"line":104},"14":{"name":"(anonymous_14)","decl":{"start":{"line":111,"column":4},"end":{"line":111,"column":5}},"loc":{"start":{"line":111,"column":85},"end":{"line":116,"column":5}},"line":111},"15":{"name":"(anonymous_15)","decl":{"start":{"line":118,"column":4},"end":{"line":118,"column":5}},"loc":{"start":{"line":118,"column":111},"end":{"line":123,"column":5}},"line":118}},"branchMap":{},"s":{"0":1,"1":1,"2":2,"3":2,"4":0,"5":0,"6":0,"7":0,"8":0,"9":0,"10":0,"11":0,"12":1,"13":1,"14":1,"15":0,"16":0,"17":2,"18":2,"19":0,"20":0,"21":0,"22":0,"23":1,"24":1,"25":1,"26":1,"27":1,"28":1,"29":1,"30":1},"f":{"0":1,"1":2,"2":0,"3":0,"4":0,"5":0,"6":1,"7":1,"8":0,"9":2,"10":0,"11":0,"12":1,"13":1,"14":1,"15":1},"b":{},"_coverageSchema":"43e27e138ebf9cfc5966b082cf9a028302ed4184","hash":"c5b4043c1c344b0d90eb88c47476e76b3b4862dd"}
,"C:\\Users\\xFatx\\IdeaProjects\\harmoni\\server\\src\\dao\\dao.js": {"path":"C:\\Users\\xFatx\\IdeaProjects\\harmoni\\server\\src\\dao\\dao.js","statementMap":{"0":{"start":{"line":2,"column":0},"end":{"line":30,"column":2}},"1":{"start":{"line":5,"column":8},"end":{"line":5,"column":25}},"2":{"start":{"line":9,"column":8},"end":{"line":28,"column":11}},"3":{"start":{"line":10,"column":12},"end":{"line":10,"column":54}},"4":{"start":{"line":11,"column":12},"end":{"line":27,"column":13}},"5":{"start":{"line":12,"column":16},"end":{"line":12,"column":53}},"6":{"start":{"line":13,"column":16},"end":{"line":13,"column":33}},"7":{"start":{"line":14,"column":16},"end":{"line":14,"column":59}},"8":{"start":{"line":16,"column":16},"end":{"line":16,"column":56}},"9":{"start":{"line":17,"column":16},"end":{"line":26,"column":19}},"10":{"start":{"line":18,"column":20},"end":{"line":18,"column":41}},"11":{"start":{"line":19,"column":20},"end":{"line":25,"column":21}},"12":{"start":{"line":20,"column":24},"end":{"line":20,"column":41}},"13":{"start":{"line":21,"column":24},"end":{"line":21,"column":52}},"14":{"start":{"line":23,"column":24},"end":{"line":23,"column":59}},"15":{"start":{"line":24,"column":24},"end":{"line":24,"column":44}}},"fnMap":{"0":{"name":"(anonymous_0)","decl":{"start":{"line":4,"column":4},"end":{"line":4,"column":5}},"loc":{"start":{"line":4,"column":30},"end":{"line":6,"column":5}},"line":4},"1":{"name":"(anonymous_1)","decl":{"start":{"line":8,"column":4},"end":{"line":8,"column":5}},"loc":{"start":{"line":8,"column":58},"end":{"line":29,"column":5}},"line":8},"2":{"name":"(anonymous_2)","decl":{"start":{"line":9,"column":32},"end":{"line":9,"column":33}},"loc":{"start":{"line":9,"column":53},"end":{"line":28,"column":9}},"line":9},"3":{"name":"(anonymous_3)","decl":{"start":{"line":17,"column":46},"end":{"line":17,"column":47}},"loc":{"start":{"line":17,"column":61},"end":{"line":26,"column":17}},"line":17}},"branchMap":{"0":{"loc":{"start":{"line":11,"column":12},"end":{"line":27,"column":13}},"type":"if","locations":[{"start":{"line":11,"column":12},"end":{"line":27,"column":13}},{"start":{"line":11,"column":12},"end":{"line":27,"column":13}}],"line":11},"1":{"loc":{"start":{"line":19,"column":20},"end":{"line":25,"column":21}},"type":"if","locations":[{"start":{"line":19,"column":20},"end":{"line":25,"column":21}},{"start":{"line":19,"column":20},"end":{"line":25,"column":21}}],"line":19}},"s":{"0":8,"1":8,"2":72,"3":72,"4":72,"5":0,"6":0,"7":0,"8":72,"9":72,"10":72,"11":72,"12":0,"13":0,"14":72,"15":72},"f":{"0":8,"1":72,"2":72,"3":72},"b":{"0":[0,72],"1":[0,72]},"_coverageSchema":"43e27e138ebf9cfc5966b082cf9a028302ed4184","hash":"fe13d4c8df699b0afdf77ea0578f33c8010e3039"}
,"C:\\Users\\xFatx\\IdeaProjects\\harmoni\\server\\src\\dao\\equipmentDao.js": {"path":"C:\\Users\\xFatx\\IdeaProjects\\harmoni\\server\\src\\dao\\equipmentDao.js","statementMap":{"0":{"start":{"line":3,"column":12},"end":{"line":3,"column":31}},"1":{"start":{"line":7,"column":8},"end":{"line":7,"column":20}},"2":{"start":{"line":17,"column":21},"end":{"line":17,"column":35}},"3":{"start":{"line":18,"column":8},"end":{"line":20,"column":22}},"4":{"start":{"line":29,"column":21},"end":{"line":29,"column":34}},"5":{"start":{"line":30,"column":8},"end":{"line":32,"column":22}},"6":{"start":{"line":40,"column":8},"end":{"line":42,"column":26}},"7":{"start":{"line":51,"column":21},"end":{"line":51,"column":35}},"8":{"start":{"line":52,"column":8},"end":{"line":54,"column":26}},"9":{"start":{"line":63,"column":21},"end":{"line":63,"column":27}},"10":{"start":{"line":64,"column":8},"end":{"line":66,"column":26}},"11":{"start":{"line":75,"column":21},"end":{"line":75,"column":28}},"12":{"start":{"line":76,"column":8},"end":{"line":78,"column":22}},"13":{"start":{"line":82,"column":21},"end":{"line":82,"column":42}},"14":{"start":{"line":83,"column":8},"end":{"line":85,"column":22}},"15":{"start":{"line":89,"column":21},"end":{"line":89,"column":39}},"16":{"start":{"line":90,"column":8},"end":{"line":92,"column":22}},"17":{"start":{"line":96,"column":21},"end":{"line":96,"column":47}},"18":{"start":{"line":97,"column":8},"end":{"line":99,"column":22}}},"fnMap":{"0":{"name":"(anonymous_0)","decl":{"start":{"line":6,"column":4},"end":{"line":6,"column":5}},"loc":{"start":{"line":6,"column":22},"end":{"line":8,"column":5}},"line":6},"1":{"name":"(anonymous_1)","decl":{"start":{"line":16,"column":4},"end":{"line":16,"column":5}},"loc":{"start":{"line":16,"column":100},"end":{"line":21,"column":5}},"line":16},"2":{"name":"(anonymous_2)","decl":{"start":{"line":28,"column":4},"end":{"line":28,"column":5}},"loc":{"start":{"line":28,"column":91},"end":{"line":33,"column":5}},"line":28},"3":{"name":"(anonymous_3)","decl":{"start":{"line":39,"column":4},"end":{"line":39,"column":5}},"loc":{"start":{"line":39,"column":70},"end":{"line":43,"column":5}},"line":39},"4":{"name":"(anonymous_4)","decl":{"start":{"line":50,"column":4},"end":{"line":50,"column":5}},"loc":{"start":{"line":50,"column":93},"end":{"line":55,"column":5}},"line":50},"5":{"name":"(anonymous_5)","decl":{"start":{"line":62,"column":4},"end":{"line":62,"column":5}},"loc":{"start":{"line":62,"column":87},"end":{"line":67,"column":5}},"line":62},"6":{"name":"(anonymous_6)","decl":{"start":{"line":74,"column":4},"end":{"line":74,"column":5}},"loc":{"start":{"line":74,"column":89},"end":{"line":79,"column":5}},"line":74},"7":{"name":"(anonymous_7)","decl":{"start":{"line":81,"column":4},"end":{"line":81,"column":5}},"loc":{"start":{"line":81,"column":119},"end":{"line":86,"column":5}},"line":81},"8":{"name":"(anonymous_8)","decl":{"start":{"line":88,"column":4},"end":{"line":88,"column":5}},"loc":{"start":{"line":88,"column":113},"end":{"line":93,"column":5}},"line":88},"9":{"name":"(anonymous_9)","decl":{"start":{"line":95,"column":4},"end":{"line":95,"column":5}},"loc":{"start":{"line":95,"column":127},"end":{"line":100,"column":5}},"line":95}},"branchMap":{},"s":{"0":1,"1":1,"2":1,"3":1,"4":1,"5":1,"6":1,"7":1,"8":1,"9":1,"10":1,"11":1,"12":1,"13":3,"14":3,"15":1,"16":1,"17":2,"18":2},"f":{"0":1,"1":1,"2":1,"3":1,"4":1,"5":1,"6":1,"7":3,"8":1,"9":2},"b":{},"_coverageSchema":"43e27e138ebf9cfc5966b082cf9a028302ed4184","hash":"bf020014f882f10f76df1a438d13ebfa011e8399"}
,"C:\\Users\\xFatx\\IdeaProjects\\harmoni\\server\\src\\dao\\eventDao.js": {"path":"C:\\Users\\xFatx\\IdeaProjects\\harmoni\\server\\src\\dao\\eventDao.js","statementMap":{"0":{"start":{"line":3,"column":12},"end":{"line":3,"column":31}},"1":{"start":{"line":7,"column":8},"end":{"line":7,"column":20}},"2":{"start":{"line":11,"column":23},"end":{"line":11,"column":146}},"3":{"start":{"line":12,"column":8},"end":{"line":12,"column":39}},"4":{"start":{"line":13,"column":8},"end":{"line":13,"column":77}},"5":{"start":{"line":17,"column":8},"end":{"line":17,"column":57}},"6":{"start":{"line":21,"column":8},"end":{"line":21,"column":63}},"7":{"start":{"line":27,"column":21},"end":{"line":27,"column":28}},"8":{"start":{"line":28,"column":8},"end":{"line":28,"column":73}},"9":{"start":{"line":32,"column":21},"end":{"line":32,"column":30}},"10":{"start":{"line":33,"column":8},"end":{"line":33,"column":65}},"11":{"start":{"line":37,"column":21},"end":{"line":37,"column":31}},"12":{"start":{"line":38,"column":8},"end":{"line":38,"column":72}},"13":{"start":{"line":42,"column":21},"end":{"line":42,"column":27}},"14":{"start":{"line":43,"column":8},"end":{"line":43,"column":67}},"15":{"start":{"line":47,"column":21},"end":{"line":47,"column":32}},"16":{"start":{"line":48,"column":8},"end":{"line":50,"column":22}},"17":{"start":{"line":54,"column":21},"end":{"line":54,"column":32}},"18":{"start":{"line":55,"column":8},"end":{"line":57,"column":22}},"19":{"start":{"line":61,"column":21},"end":{"line":61,"column":32}},"20":{"start":{"line":62,"column":8},"end":{"line":64,"column":22}},"21":{"start":{"line":68,"column":21},"end":{"line":68,"column":31}},"22":{"start":{"line":69,"column":8},"end":{"line":71,"column":22}},"23":{"start":{"line":75,"column":21},"end":{"line":75,"column":32}},"24":{"start":{"line":76,"column":8},"end":{"line":78,"column":22}},"25":{"start":{"line":82,"column":21},"end":{"line":82,"column":31}},"26":{"start":{"line":83,"column":8},"end":{"line":85,"column":22}},"27":{"start":{"line":89,"column":21},"end":{"line":89,"column":31}},"28":{"start":{"line":90,"column":8},"end":{"line":92,"column":22}},"29":{"start":{"line":96,"column":21},"end":{"line":96,"column":31}},"30":{"start":{"line":97,"column":8},"end":{"line":99,"column":22}},"31":{"start":{"line":103,"column":26},"end":{"line":103,"column":164}},"32":{"start":{"line":104,"column":8},"end":{"line":104,"column":59}},"33":{"start":{"line":105,"column":8},"end":{"line":105,"column":83}},"34":{"start":{"line":110,"column":23},"end":{"line":110,"column":45}},"35":{"start":{"line":111,"column":8},"end":{"line":111,"column":45}},"36":{"start":{"line":112,"column":8},"end":{"line":112,"column":73}},"37":{"start":{"line":116,"column":29},"end":{"line":116,"column":57}},"38":{"start":{"line":117,"column":8},"end":{"line":117,"column":57}},"39":{"start":{"line":118,"column":8},"end":{"line":118,"column":85}},"40":{"start":{"line":122,"column":26},"end":{"line":122,"column":51}},"41":{"start":{"line":123,"column":8},"end":{"line":123,"column":51}},"42":{"start":{"line":124,"column":8},"end":{"line":124,"column":79}},"43":{"start":{"line":128,"column":26},"end":{"line":128,"column":51}},"44":{"start":{"line":129,"column":8},"end":{"line":129,"column":51}},"45":{"start":{"line":130,"column":8},"end":{"line":130,"column":79}},"46":{"start":{"line":134,"column":26},"end":{"line":134,"column":51}},"47":{"start":{"line":135,"column":8},"end":{"line":135,"column":51}},"48":{"start":{"line":136,"column":8},"end":{"line":136,"column":79}},"49":{"start":{"line":140,"column":8},"end":{"line":140,"column":59}},"50":{"start":{"line":144,"column":19},"end":{"line":144,"column":29}},"51":{"start":{"line":145,"column":8},"end":{"line":145,"column":70}}},"fnMap":{"0":{"name":"(anonymous_0)","decl":{"start":{"line":6,"column":4},"end":{"line":6,"column":5}},"loc":{"start":{"line":6,"column":22},"end":{"line":8,"column":5}},"line":6},"1":{"name":"(anonymous_1)","decl":{"start":{"line":10,"column":4},"end":{"line":10,"column":5}},"loc":{"start":{"line":10,"column":80},"end":{"line":14,"column":5}},"line":10},"2":{"name":"(anonymous_2)","decl":{"start":{"line":16,"column":4},"end":{"line":16,"column":5}},"loc":{"start":{"line":16,"column":67},"end":{"line":18,"column":5}},"line":16},"3":{"name":"(anonymous_3)","decl":{"start":{"line":20,"column":4},"end":{"line":20,"column":5}},"loc":{"start":{"line":20,"column":73},"end":{"line":22,"column":5}},"line":20},"4":{"name":"(anonymous_4)","decl":{"start":{"line":26,"column":4},"end":{"line":26,"column":5}},"loc":{"start":{"line":26,"column":85},"end":{"line":29,"column":5}},"line":26},"5":{"name":"(anonymous_5)","decl":{"start":{"line":31,"column":4},"end":{"line":31,"column":5}},"loc":{"start":{"line":31,"column":83},"end":{"line":34,"column":5}},"line":31},"6":{"name":"(anonymous_6)","decl":{"start":{"line":36,"column":4},"end":{"line":36,"column":5}},"loc":{"start":{"line":36,"column":90},"end":{"line":39,"column":5}},"line":36},"7":{"name":"(anonymous_7)","decl":{"start":{"line":41,"column":4},"end":{"line":41,"column":5}},"loc":{"start":{"line":41,"column":83},"end":{"line":44,"column":5}},"line":41},"8":{"name":"(anonymous_8)","decl":{"start":{"line":46,"column":4},"end":{"line":46,"column":5}},"loc":{"start":{"line":46,"column":88},"end":{"line":51,"column":5}},"line":46},"9":{"name":"(anonymous_9)","decl":{"start":{"line":53,"column":4},"end":{"line":53,"column":5}},"loc":{"start":{"line":53,"column":94},"end":{"line":58,"column":5}},"line":53},"10":{"name":"(anonymous_10)","decl":{"start":{"line":60,"column":4},"end":{"line":60,"column":5}},"loc":{"start":{"line":60,"column":95},"end":{"line":65,"column":5}},"line":60},"11":{"name":"(anonymous_11)","decl":{"start":{"line":67,"column":4},"end":{"line":67,"column":5}},"loc":{"start":{"line":67,"column":84},"end":{"line":72,"column":5}},"line":67},"12":{"name":"(anonymous_12)","decl":{"start":{"line":74,"column":4},"end":{"line":74,"column":5}},"loc":{"start":{"line":74,"column":95},"end":{"line":79,"column":5}},"line":74},"13":{"name":"(anonymous_13)","decl":{"start":{"line":81,"column":4},"end":{"line":81,"column":5}},"loc":{"start":{"line":81,"column":85},"end":{"line":86,"column":5}},"line":81},"14":{"name":"(anonymous_14)","decl":{"start":{"line":88,"column":4},"end":{"line":88,"column":5}},"loc":{"start":{"line":88,"column":91},"end":{"line":93,"column":5}},"line":88},"15":{"name":"(anonymous_15)","decl":{"start":{"line":95,"column":4},"end":{"line":95,"column":5}},"loc":{"start":{"line":95,"column":94},"end":{"line":100,"column":5}},"line":95},"16":{"name":"(anonymous_16)","decl":{"start":{"line":102,"column":4},"end":{"line":102,"column":5}},"loc":{"start":{"line":102,"column":98},"end":{"line":107,"column":5}},"line":102},"17":{"name":"(anonymous_17)","decl":{"start":{"line":109,"column":4},"end":{"line":109,"column":5}},"loc":{"start":{"line":109,"column":104},"end":{"line":113,"column":5}},"line":109},"18":{"name":"(anonymous_18)","decl":{"start":{"line":115,"column":4},"end":{"line":115,"column":5}},"loc":{"start":{"line":115,"column":109},"end":{"line":119,"column":5}},"line":115},"19":{"name":"(anonymous_19)","decl":{"start":{"line":121,"column":4},"end":{"line":121,"column":5}},"loc":{"start":{"line":121,"column":106},"end":{"line":125,"column":5}},"line":121},"20":{"name":"(anonymous_20)","decl":{"start":{"line":127,"column":4},"end":{"line":127,"column":5}},"loc":{"start":{"line":127,"column":106},"end":{"line":131,"column":5}},"line":127},"21":{"name":"(anonymous_21)","decl":{"start":{"line":133,"column":4},"end":{"line":133,"column":5}},"loc":{"start":{"line":133,"column":106},"end":{"line":137,"column":5}},"line":133},"22":{"name":"(anonymous_22)","decl":{"start":{"line":139,"column":4},"end":{"line":139,"column":5}},"loc":{"start":{"line":139,"column":68},"end":{"line":141,"column":5}},"line":139},"23":{"name":"(anonymous_23)","decl":{"start":{"line":143,"column":4},"end":{"line":143,"column":5}},"loc":{"start":{"line":143,"column":91},"end":{"line":146,"column":5}},"line":143}},"branchMap":{},"s":{"0":1,"1":1,"2":1,"3":1,"4":1,"5":2,"6":1,"7":1,"8":1,"9":1,"10":1,"11":0,"12":0,"13":0,"14":0,"15":1,"16":1,"17":1,"18":1,"19":2,"20":2,"21":0,"22":0,"23":0,"24":0,"25":1,"26":1,"27":1,"28":1,"29":1,"30":1,"31":1,"32":1,"33":1,"34":1,"35":1,"36":1,"37":1,"38":1,"39":1,"40":1,"41":1,"42":1,"43":1,"44":1,"45":1,"46":1,"47":1,"48":1,"49":1,"50":1,"51":1},"f":{"0":1,"1":1,"2":2,"3":1,"4":1,"5":1,"6":0,"7":0,"8":1,"9":1,"10":2,"11":0,"12":0,"13":1,"14":1,"15":1,"16":1,"17":1,"18":1,"19":1,"20":1,"21":1,"22":1,"23":1},"b":{},"_coverageSchema":"43e27e138ebf9cfc5966b082cf9a028302ed4184","hash":"2d3bafbe5efac86746a5aa177793d3cdbc235d48"}
,"C:\\Users\\xFatx\\IdeaProjects\\harmoni\\server\\src\\dao\\fileInfoDao.js": {"path":"C:\\Users\\xFatx\\IdeaProjects\\harmoni\\server\\src\\dao\\fileInfoDao.js","statementMap":{"0":{"start":{"line":3,"column":12},"end":{"line":3,"column":31}},"1":{"start":{"line":7,"column":8},"end":{"line":7,"column":20}},"2":{"start":{"line":16,"column":21},"end":{"line":16,"column":34}},"3":{"start":{"line":17,"column":8},"end":{"line":19,"column":22}},"4":{"start":{"line":28,"column":21},"end":{"line":28,"column":28}},"5":{"start":{"line":29,"column":8},"end":{"line":31,"column":22}},"6":{"start":{"line":41,"column":21},"end":{"line":41,"column":40}},"7":{"start":{"line":42,"column":8},"end":{"line":42,"column":57}},"8":{"start":{"line":43,"column":8},"end":{"line":45,"column":22}},"9":{"start":{"line":49,"column":21},"end":{"line":49,"column":31}},"10":{"start":{"line":50,"column":8},"end":{"line":52,"column":22}},"11":{"start":{"line":62,"column":8},"end":{"line":62,"column":47}},"12":{"start":{"line":63,"column":8},"end":{"line":63,"column":53}},"13":{"start":{"line":64,"column":8},"end":{"line":68,"column":10}},"14":{"start":{"line":78,"column":21},"end":{"line":78,"column":27}},"15":{"start":{"line":79,"column":8},"end":{"line":81,"column":22}}},"fnMap":{"0":{"name":"(anonymous_0)","decl":{"start":{"line":6,"column":4},"end":{"line":6,"column":5}},"loc":{"start":{"line":6,"column":22},"end":{"line":8,"column":5}},"line":6},"1":{"name":"(anonymous_1)","decl":{"start":{"line":15,"column":4},"end":{"line":15,"column":5}},"loc":{"start":{"line":15,"column":91},"end":{"line":20,"column":5}},"line":15},"2":{"name":"(anonymous_2)","decl":{"start":{"line":27,"column":4},"end":{"line":27,"column":5}},"loc":{"start":{"line":27,"column":88},"end":{"line":32,"column":5}},"line":27},"3":{"name":"(anonymous_3)","decl":{"start":{"line":40,"column":4},"end":{"line":40,"column":5}},"loc":{"start":{"line":40,"column":103},"end":{"line":46,"column":5}},"line":40},"4":{"name":"(anonymous_4)","decl":{"start":{"line":48,"column":4},"end":{"line":48,"column":5}},"loc":{"start":{"line":48,"column":93},"end":{"line":53,"column":5}},"line":48},"5":{"name":"(anonymous_5)","decl":{"start":{"line":61,"column":4},"end":{"line":61,"column":5}},"loc":{"start":{"line":61,"column":43},"end":{"line":69,"column":5}},"line":61},"6":{"name":"(anonymous_6)","decl":{"start":{"line":77,"column":4},"end":{"line":77,"column":5}},"loc":{"start":{"line":77,"column":82},"end":{"line":82,"column":5}},"line":77}},"branchMap":{},"s":{"0":1,"1":1,"2":1,"3":1,"4":1,"5":1,"6":1,"7":1,"8":1,"9":0,"10":0,"11":1,"12":1,"13":1,"14":1,"15":1},"f":{"0":1,"1":1,"2":1,"3":1,"4":0,"5":1,"6":1},"b":{},"_coverageSchema":"43e27e138ebf9cfc5966b082cf9a028302ed4184","hash":"9bb677e250390b347036da9b860c19102bbc0707"}
,"C:\\Users\\xFatx\\IdeaProjects\\harmoni\\server\\src\\dao\\riderDao.js": {"path":"C:\\Users\\xFatx\\IdeaProjects\\harmoni\\server\\src\\dao\\riderDao.js","statementMap":{"0":{"start":{"line":3,"column":12},"end":{"line":3,"column":31}},"1":{"start":{"line":7,"column":8},"end":{"line":7,"column":20}},"2":{"start":{"line":16,"column":21},"end":{"line":16,"column":54}},"3":{"start":{"line":17,"column":8},"end":{"line":19,"column":22}},"4":{"start":{"line":28,"column":21},"end":{"line":28,"column":25}},"5":{"start":{"line":29,"column":8},"end":{"line":31,"column":22}},"6":{"start":{"line":40,"column":21},"end":{"line":40,"column":31}},"7":{"start":{"line":41,"column":8},"end":{"line":43,"column":22}},"8":{"start":{"line":52,"column":21},"end":{"line":52,"column":54}},"9":{"start":{"line":53,"column":8},"end":{"line":54,"column":30}},"10":{"start":{"line":63,"column":21},"end":{"line":63,"column":25}},"11":{"start":{"line":64,"column":8},"end":{"line":66,"column":22}},"12":{"start":{"line":75,"column":21},"end":{"line":75,"column":31}},"13":{"start":{"line":76,"column":8},"end":{"line":78,"column":22}}},"fnMap":{"0":{"name":"(anonymous_0)","decl":{"start":{"line":6,"column":4},"end":{"line":6,"column":5}},"loc":{"start":{"line":6,"column":22},"end":{"line":8,"column":5}},"line":6},"1":{"name":"(anonymous_1)","decl":{"start":{"line":15,"column":4},"end":{"line":15,"column":5}},"loc":{"start":{"line":15,"column":77},"end":{"line":20,"column":5}},"line":15},"2":{"name":"(anonymous_2)","decl":{"start":{"line":27,"column":4},"end":{"line":27,"column":5}},"loc":{"start":{"line":27,"column":74},"end":{"line":32,"column":5}},"line":27},"3":{"name":"(anonymous_3)","decl":{"start":{"line":39,"column":4},"end":{"line":39,"column":5}},"loc":{"start":{"line":39,"column":84},"end":{"line":44,"column":5}},"line":39},"4":{"name":"(anonymous_4)","decl":{"start":{"line":51,"column":4},"end":{"line":51,"column":5}},"loc":{"start":{"line":51,"column":79},"end":{"line":55,"column":5}},"line":51},"5":{"name":"(anonymous_5)","decl":{"start":{"line":62,"column":4},"end":{"line":62,"column":5}},"loc":{"start":{"line":62,"column":77},"end":{"line":67,"column":5}},"line":62},"6":{"name":"(anonymous_6)","decl":{"start":{"line":74,"column":4},"end":{"line":74,"column":5}},"loc":{"start":{"line":74,"column":87},"end":{"line":79,"column":5}},"line":74}},"branchMap":{},"s":{"0":1,"1":1,"2":1,"3":1,"4":1,"5":1,"6":1,"7":1,"8":1,"9":1,"10":1,"11":1,"12":1,"13":1},"f":{"0":1,"1":1,"2":1,"3":1,"4":1,"5":1,"6":1},"b":{},"_coverageSchema":"43e27e138ebf9cfc5966b082cf9a028302ed4184","hash":"7fbf19f96b7880631c54c29fbde67e5a1c0f7e64"}
,"C:\\Users\\xFatx\\IdeaProjects\\harmoni\\server\\src\\dao\\roleDAO.js": {"path":"C:\\Users\\xFatx\\IdeaProjects\\harmoni\\server\\src\\dao\\roleDAO.js","statementMap":{"0":{"start":{"line":3,"column":12},"end":{"line":3,"column":31}},"1":{"start":{"line":8,"column":8},"end":{"line":8,"column":20}},"2":{"start":{"line":17,"column":22},"end":{"line":17,"column":35}},"3":{"start":{"line":18,"column":8},"end":{"line":18,"column":62}},"4":{"start":{"line":26,"column":8},"end":{"line":26,"column":58}},"5":{"start":{"line":35,"column":8},"end":{"line":35,"column":69}},"6":{"start":{"line":46,"column":24},"end":{"line":46,"column":44}},"7":{"start":{"line":47,"column":8},"end":{"line":47,"column":74}},"8":{"start":{"line":57,"column":21},"end":{"line":57,"column":34}},"9":{"start":{"line":58,"column":8},"end":{"line":58,"column":70}},"10":{"start":{"line":67,"column":8},"end":{"line":67,"column":64}},"11":{"start":{"line":78,"column":21},"end":{"line":78,"column":44}},"12":{"start":{"line":79,"column":8},"end":{"line":79,"column":73}}},"fnMap":{"0":{"name":"(anonymous_0)","decl":{"start":{"line":7,"column":4},"end":{"line":7,"column":5}},"loc":{"start":{"line":7,"column":22},"end":{"line":9,"column":5}},"line":7},"1":{"name":"(anonymous_1)","decl":{"start":{"line":16,"column":4},"end":{"line":16,"column":5}},"loc":{"start":{"line":16,"column":94},"end":{"line":19,"column":5}},"line":16},"2":{"name":"(anonymous_2)","decl":{"start":{"line":25,"column":4},"end":{"line":25,"column":5}},"loc":{"start":{"line":25,"column":62},"end":{"line":27,"column":5}},"line":25},"3":{"name":"(anonymous_3)","decl":{"start":{"line":34,"column":4},"end":{"line":34,"column":5}},"loc":{"start":{"line":34,"column":84},"end":{"line":36,"column":5}},"line":34},"4":{"name":"(anonymous_4)","decl":{"start":{"line":45,"column":4},"end":{"line":45,"column":5}},"loc":{"start":{"line":45,"column":111},"end":{"line":48,"column":5}},"line":45},"5":{"name":"(anonymous_5)","decl":{"start":{"line":56,"column":4},"end":{"line":56,"column":5}},"loc":{"start":{"line":56,"column":98},"end":{"line":59,"column":5}},"line":56},"6":{"name":"(anonymous_6)","decl":{"start":{"line":66,"column":4},"end":{"line":66,"column":5}},"loc":{"start":{"line":66,"column":81},"end":{"line":68,"column":5}},"line":66},"7":{"name":"(anonymous_7)","decl":{"start":{"line":77,"column":4},"end":{"line":77,"column":5}},"loc":{"start":{"line":77,"column":116},"end":{"line":80,"column":5}},"line":77}},"branchMap":{},"s":{"0":1,"1":1,"2":1,"3":1,"4":1,"5":1,"6":1,"7":1,"8":1,"9":1,"10":1,"11":1,"12":1},"f":{"0":1,"1":1,"2":1,"3":1,"4":1,"5":1,"6":1,"7":1},"b":{},"_coverageSchema":"43e27e138ebf9cfc5966b082cf9a028302ed4184","hash":"ea4f2eb196206cda3ea8094ead20a2d2ce12f145"}
,"C:\\Users\\xFatx\\IdeaProjects\\harmoni\\server\\src\\dao\\runSqlFile.js": {"path":"C:\\Users\\xFatx\\IdeaProjects\\harmoni\\server\\src\\dao\\runSqlFile.js","statementMap":{"0":{"start":{"line":3,"column":12},"end":{"line":3,"column":28}},"1":{"start":{"line":4,"column":9},"end":{"line":4,"column":22}},"2":{"start":{"line":6,"column":0},"end":{"line":27,"column":2}},"3":{"start":{"line":7,"column":4},"end":{"line":7,"column":56}},"4":{"start":{"line":8,"column":14},"end":{"line":8,"column":47}},"5":{"start":{"line":9,"column":4},"end":{"line":26,"column":7}},"6":{"start":{"line":10,"column":8},"end":{"line":25,"column":9}},"7":{"start":{"line":11,"column":12},"end":{"line":11,"column":56}},"8":{"start":{"line":12,"column":12},"end":{"line":12,"column":19}},"9":{"start":{"line":14,"column":12},"end":{"line":14,"column":49}},"10":{"start":{"line":15,"column":12},"end":{"line":24,"column":15}},"11":{"start":{"line":16,"column":16},"end":{"line":16,"column":37}},"12":{"start":{"line":17,"column":16},"end":{"line":23,"column":17}},"13":{"start":{"line":18,"column":20},"end":{"line":18,"column":37}},"14":{"start":{"line":19,"column":20},"end":{"line":19,"column":27}},"15":{"start":{"line":21,"column":20},"end":{"line":21,"column":54}},"16":{"start":{"line":22,"column":20},"end":{"line":22,"column":27}}},"fnMap":{"0":{"name":"run","decl":{"start":{"line":6,"column":26},"end":{"line":6,"column":29}},"loc":{"start":{"line":6,"column":52},"end":{"line":27,"column":1}},"line":6},"1":{"name":"(anonymous_1)","decl":{"start":{"line":9,"column":23},"end":{"line":9,"column":24}},"loc":{"start":{"line":9,"column":44},"end":{"line":26,"column":5}},"line":9},"2":{"name":"(anonymous_2)","decl":{"start":{"line":15,"column":34},"end":{"line":15,"column":35}},"loc":{"start":{"line":15,"column":49},"end":{"line":24,"column":13}},"line":15}},"branchMap":{"0":{"loc":{"start":{"line":10,"column":8},"end":{"line":25,"column":9}},"type":"if","locations":[{"start":{"line":10,"column":8},"end":{"line":25,"column":9}},{"start":{"line":10,"column":8},"end":{"line":25,"column":9}}],"line":10},"1":{"loc":{"start":{"line":17,"column":16},"end":{"line":23,"column":17}},"type":"if","locations":[{"start":{"line":17,"column":16},"end":{"line":23,"column":17}},{"start":{"line":17,"column":16},"end":{"line":23,"column":17}}],"line":17}},"s":{"0":8,"1":8,"2":8,"3":26,"4":26,"5":26,"6":26,"7":0,"8":0,"9":26,"10":26,"11":26,"12":26,"13":0,"14":0,"15":26,"16":26},"f":{"0":26,"1":26,"2":26},"b":{"0":[0,26],"1":[0,26]},"_coverageSchema":"43e27e138ebf9cfc5966b082cf9a028302ed4184","hash":"94e3c484225ba02186b70cc6d886f54a75db6c79"}
,"C:\\Users\\xFatx\\IdeaProjects\\harmoni\\server\\src\\dao\\ticketDao.js": {"path":"C:\\Users\\xFatx\\IdeaProjects\\harmoni\\server\\src\\dao\\ticketDao.js","statementMap":{"0":{"start":{"line":3,"column":10},"end":{"line":3,"column":29}},"1":{"start":{"line":7,"column":8},"end":{"line":7,"column":20}},"2":{"start":{"line":13,"column":21},"end":{"line":13,"column":80}},"3":{"start":{"line":14,"column":8},"end":{"line":16,"column":22}},"4":{"start":{"line":21,"column":21},"end":{"line":21,"column":28}},"5":{"start":{"line":22,"column":8},"end":{"line":24,"column":22}},"6":{"start":{"line":28,"column":21},"end":{"line":28,"column":32}},"7":{"start":{"line":29,"column":8},"end":{"line":31,"column":22}},"8":{"start":{"line":36,"column":18},"end":{"line":36,"column":81}},"9":{"start":{"line":37,"column":8},"end":{"line":38,"column":27}},"10":{"start":{"line":42,"column":8},"end":{"line":46,"column":9}}},"fnMap":{"0":{"name":"(anonymous_0)","decl":{"start":{"line":6,"column":4},"end":{"line":6,"column":5}},"loc":{"start":{"line":6,"column":22},"end":{"line":9,"column":5}},"line":6},"1":{"name":"(anonymous_1)","decl":{"start":{"line":11,"column":4},"end":{"line":11,"column":5}},"loc":{"start":{"line":12,"column":65},"end":{"line":17,"column":5}},"line":12},"2":{"name":"(anonymous_2)","decl":{"start":{"line":20,"column":4},"end":{"line":20,"column":5}},"loc":{"start":{"line":20,"column":76},"end":{"line":25,"column":5}},"line":20},"3":{"name":"(anonymous_3)","decl":{"start":{"line":27,"column":4},"end":{"line":27,"column":5}},"loc":{"start":{"line":27,"column":80},"end":{"line":32,"column":5}},"line":27},"4":{"name":"(anonymous_4)","decl":{"start":{"line":35,"column":4},"end":{"line":35,"column":5}},"loc":{"start":{"line":35,"column":56},"end":{"line":39,"column":5}},"line":35},"5":{"name":"(anonymous_5)","decl":{"start":{"line":41,"column":4},"end":{"line":41,"column":5}},"loc":{"start":{"line":41,"column":51},"end":{"line":47,"column":5}},"line":41}},"branchMap":{},"s":{"0":1,"1":1,"2":1,"3":1,"4":1,"5":1,"6":1,"7":1,"8":1,"9":1,"10":1},"f":{"0":1,"1":1,"2":1,"3":1,"4":1,"5":1},"b":{},"_coverageSchema":"43e27e138ebf9cfc5966b082cf9a028302ed4184","hash":"109c4a7d558f67b248330bf4d5adaa02a2e521dc"}
,"C:\\Users\\xFatx\\IdeaProjects\\harmoni\\server\\src\\dao\\userDao.js": {"path":"C:\\Users\\xFatx\\IdeaProjects\\harmoni\\server\\src\\dao\\userDao.js","statementMap":{"0":{"start":{"line":3,"column":12},"end":{"line":3,"column":31}},"1":{"start":{"line":7,"column":8},"end":{"line":7,"column":20}},"2":{"start":{"line":18,"column":21},"end":{"line":18,"column":29}},"3":{"start":{"line":19,"column":8},"end":{"line":21,"column":22}},"4":{"start":{"line":25,"column":21},"end":{"line":25,"column":31}},"5":{"start":{"line":26,"column":8},"end":{"line":28,"column":22}},"6":{"start":{"line":32,"column":21},"end":{"line":32,"column":31}},"7":{"start":{"line":33,"column":8},"end":{"line":35,"column":22}},"8":{"start":{"line":39,"column":21},"end":{"line":39,"column":31}},"9":{"start":{"line":40,"column":8},"end":{"line":42,"column":22}},"10":{"start":{"line":46,"column":21},"end":{"line":46,"column":31}},"11":{"start":{"line":47,"column":8},"end":{"line":49,"column":22}},"12":{"start":{"line":53,"column":21},"end":{"line":53,"column":29}},"13":{"start":{"line":54,"column":8},"end":{"line":56,"column":22}},"14":{"start":{"line":60,"column":21},"end":{"line":60,"column":30}},"15":{"start":{"line":61,"column":8},"end":{"line":63,"column":22}},"16":{"start":{"line":67,"column":21},"end":{"line":67,"column":31}},"17":{"start":{"line":68,"column":8},"end":{"line":70,"column":22}},"18":{"start":{"line":81,"column":21},"end":{"line":81,"column":62}},"19":{"start":{"line":82,"column":8},"end":{"line":84,"column":22}},"20":{"start":{"line":89,"column":25},"end":{"line":89,"column":40}},"21":{"start":{"line":90,"column":24},"end":{"line":90,"column":38}},"22":{"start":{"line":91,"column":20},"end":{"line":91,"column":30}},"23":{"start":{"line":92,"column":20},"end":{"line":92,"column":30}},"24":{"start":{"line":93,"column":8},"end":{"line":97,"column":10}},"25":{"start":{"line":109,"column":21},"end":{"line":109,"column":89}},"26":{"start":{"line":110,"column":8},"end":{"line":112,"column":22}},"27":{"start":{"line":123,"column":21},"end":{"line":123,"column":35}},"28":{"start":{"line":124,"column":8},"end":{"line":126,"column":22}},"29":{"start":{"line":129,"column":20},"end":{"line":129,"column":31}},"30":{"start":{"line":130,"column":8},"end":{"line":130,"column":71}}},"fnMap":{"0":{"name":"(anonymous_0)","decl":{"start":{"line":6,"column":4},"end":{"line":6,"column":5}},"loc":{"start":{"line":6,"column":22},"end":{"line":8,"column":5}},"line":6},"1":{"name":"(anonymous_1)","decl":{"start":{"line":17,"column":4},"end":{"line":17,"column":5}},"loc":{"start":{"line":17,"column":81},"end":{"line":22,"column":5}},"line":17},"2":{"name":"(anonymous_2)","decl":{"start":{"line":24,"column":4},"end":{"line":24,"column":5}},"loc":{"start":{"line":24,"column":85},"end":{"line":29,"column":5}},"line":24},"3":{"name":"(anonymous_3)","decl":{"start":{"line":31,"column":4},"end":{"line":31,"column":5}},"loc":{"start":{"line":31,"column":83},"end":{"line":36,"column":5}},"line":31},"4":{"name":"(anonymous_4)","decl":{"start":{"line":38,"column":4},"end":{"line":38,"column":5}},"loc":{"start":{"line":38,"column":79},"end":{"line":43,"column":5}},"line":38},"5":{"name":"(anonymous_5)","decl":{"start":{"line":45,"column":4},"end":{"line":45,"column":5}},"loc":{"start":{"line":45,"column":101},"end":{"line":50,"column":5}},"line":45},"6":{"name":"(anonymous_6)","decl":{"start":{"line":52,"column":4},"end":{"line":52,"column":5}},"loc":{"start":{"line":52,"column":81},"end":{"line":57,"column":5}},"line":52},"7":{"name":"(anonymous_7)","decl":{"start":{"line":59,"column":4},"end":{"line":59,"column":5}},"loc":{"start":{"line":59,"column":81},"end":{"line":64,"column":5}},"line":59},"8":{"name":"(anonymous_8)","decl":{"start":{"line":66,"column":4},"end":{"line":66,"column":5}},"loc":{"start":{"line":66,"column":88},"end":{"line":71,"column":5}},"line":66},"9":{"name":"(anonymous_9)","decl":{"start":{"line":80,"column":4},"end":{"line":80,"column":5}},"loc":{"start":{"line":80,"column":95},"end":{"line":85,"column":5}},"line":80},"10":{"name":"(anonymous_10)","decl":{"start":{"line":88,"column":4},"end":{"line":88,"column":5}},"loc":{"start":{"line":88,"column":42},"end":{"line":98,"column":5}},"line":88},"11":{"name":"(anonymous_11)","decl":{"start":{"line":108,"column":4},"end":{"line":108,"column":5}},"loc":{"start":{"line":108,"column":100},"end":{"line":113,"column":5}},"line":108},"12":{"name":"(anonymous_12)","decl":{"start":{"line":122,"column":4},"end":{"line":122,"column":5}},"loc":{"start":{"line":122,"column":98},"end":{"line":127,"column":5}},"line":122},"13":{"name":"(anonymous_13)","decl":{"start":{"line":128,"column":4},"end":{"line":128,"column":5}},"loc":{"start":{"line":128,"column":93},"end":{"line":131,"column":5}},"line":128}},"branchMap":{},"s":{"0":1,"1":1,"2":1,"3":1,"4":1,"5":1,"6":1,"7":1,"8":1,"9":1,"10":0,"11":0,"12":0,"13":0,"14":0,"15":0,"16":0,"17":0,"18":1,"19":1,"20":1,"21":1,"22":1,"23":1,"24":1,"25":0,"26":0,"27":0,"28":0,"29":0,"30":0},"f":{"0":1,"1":1,"2":1,"3":1,"4":1,"5":0,"6":0,"7":0,"8":0,"9":1,"10":1,"11":0,"12":0,"13":0},"b":{},"_coverageSchema":"43e27e138ebf9cfc5966b082cf9a028302ed4184","hash":"b87fd1a04215bb33591a6269d716cb2ffce760cf"}
}
