{"C:\\Code\\Git\\harmoni\\server\\database\\runSqlFile.js": {"path":"C:\\Code\\Git\\harmoni\\server\\database\\runSqlFile.js","statementMap":{"0":{"start":{"line":1,"column":12},"end":{"line":1,"column":28}},"1":{"start":{"line":2,"column":9},"end":{"line":2,"column":22}},"2":{"start":{"line":4,"column":0},"end":{"line":25,"column":2}},"3":{"start":{"line":5,"column":4},"end":{"line":5,"column":56}},"4":{"start":{"line":6,"column":14},"end":{"line":6,"column":47}},"5":{"start":{"line":7,"column":4},"end":{"line":24,"column":7}},"6":{"start":{"line":8,"column":8},"end":{"line":23,"column":9}},"7":{"start":{"line":9,"column":12},"end":{"line":9,"column":56}},"8":{"start":{"line":10,"column":12},"end":{"line":10,"column":19}},"9":{"start":{"line":12,"column":12},"end":{"line":12,"column":49}},"10":{"start":{"line":13,"column":12},"end":{"line":22,"column":15}},"11":{"start":{"line":14,"column":16},"end":{"line":14,"column":37}},"12":{"start":{"line":15,"column":16},"end":{"line":21,"column":17}},"13":{"start":{"line":16,"column":20},"end":{"line":16,"column":37}},"14":{"start":{"line":17,"column":20},"end":{"line":17,"column":27}},"15":{"start":{"line":19,"column":20},"end":{"line":19,"column":54}},"16":{"start":{"line":20,"column":20},"end":{"line":20,"column":27}}},"fnMap":{"0":{"name":"run","decl":{"start":{"line":4,"column":26},"end":{"line":4,"column":29}},"loc":{"start":{"line":4,"column":52},"end":{"line":25,"column":1}},"line":4},"1":{"name":"(anonymous_1)","decl":{"start":{"line":7,"column":23},"end":{"line":7,"column":24}},"loc":{"start":{"line":7,"column":44},"end":{"line":24,"column":5}},"line":7},"2":{"name":"(anonymous_2)","decl":{"start":{"line":13,"column":34},"end":{"line":13,"column":35}},"loc":{"start":{"line":13,"column":49},"end":{"line":22,"column":13}},"line":13}},"branchMap":{"0":{"loc":{"start":{"line":8,"column":8},"end":{"line":23,"column":9}},"type":"if","locations":[{"start":{"line":8,"column":8},"end":{"line":23,"column":9}},{"start":{"line":8,"column":8},"end":{"line":23,"column":9}}],"line":8},"1":{"loc":{"start":{"line":15,"column":16},"end":{"line":21,"column":17}},"type":"if","locations":[{"start":{"line":15,"column":16},"end":{"line":21,"column":17}},{"start":{"line":15,"column":16},"end":{"line":21,"column":17}}],"line":15}},"s":{"0":5,"1":5,"2":5,"3":15,"4":15,"5":15,"6":15,"7":0,"8":0,"9":15,"10":15,"11":15,"12":15,"13":1,"14":1,"15":14,"16":14},"f":{"0":15,"1":15,"2":15},"b":{"0":[0,15],"1":[1,14]},"_coverageSchema":"43e27e138ebf9cfc5966b082cf9a028302ed4184","hash":"ef1a19ec0fce70eb40e1b21b7f7e2adacef97efd"}
,"C:\\Code\\Git\\harmoni\\server\\src\\controllers\\configuration.js": {"path":"C:\\Code\\Git\\harmoni\\server\\src\\controllers\\configuration.js","statementMap":{"0":{"start":{"line":5,"column":0},"end":{"line":10,"column":1}},"1":{"start":{"line":6,"column":4},"end":{"line":6,"column":42}},"2":{"start":{"line":9,"column":4},"end":{"line":9,"column":18}},"3":{"start":{"line":12,"column":20},"end":{"line":12,"column":56}},"4":{"start":{"line":16,"column":4},"end":{"line":20,"column":5}},"5":{"start":{"line":17,"column":8},"end":{"line":17,"column":46}},"6":{"start":{"line":19,"column":8},"end":{"line":19,"column":53}},"7":{"start":{"line":21,"column":4},"end":{"line":21,"column":20}},"8":{"start":{"line":26,"column":4},"end":{"line":30,"column":5}},"9":{"start":{"line":27,"column":8},"end":{"line":27,"column":43}},"10":{"start":{"line":29,"column":8},"end":{"line":29,"column":50}},"11":{"start":{"line":32,"column":4},"end":{"line":32,"column":20}}},"fnMap":{"0":{"name":"getProductionDatabase","decl":{"start":{"line":14,"column":16},"end":{"line":14,"column":37}},"loc":{"start":{"line":14,"column":106},"end":{"line":22,"column":1}},"line":14},"1":{"name":"getTestingDatabase","decl":{"start":{"line":24,"column":16},"end":{"line":24,"column":34}},"loc":{"start":{"line":24,"column":103},"end":{"line":33,"column":1}},"line":24}},"branchMap":{"0":{"loc":{"start":{"line":16,"column":4},"end":{"line":20,"column":5}},"type":"if","locations":[{"start":{"line":16,"column":4},"end":{"line":20,"column":5}},{"start":{"line":16,"column":4},"end":{"line":20,"column":5}}],"line":16},"1":{"loc":{"start":{"line":26,"column":4},"end":{"line":30,"column":5}},"type":"if","locations":[{"start":{"line":26,"column":4},"end":{"line":30,"column":5}},{"start":{"line":26,"column":4},"end":{"line":30,"column":5}}],"line":26}},"s":{"0":5,"1":5,"2":0,"3":5,"4":0,"5":0,"6":0,"7":0,"8":5,"9":5,"10":0,"11":5},"f":{"0":0,"1":5},"b":{"0":[0,0],"1":[5,0]},"_coverageSchema":"43e27e138ebf9cfc5966b082cf9a028302ed4184","hash":"b841bd2e7c29c91d06545ffb6d3b769bc2f2a597"}
,"C:\\Code\\Git\\harmoni\\server\\src\\dao\\artistDao.js": {"path":"C:\\Code\\Git\\harmoni\\server\\src\\dao\\artistDao.js","statementMap":{"0":{"start":{"line":3,"column":12},"end":{"line":3,"column":31}},"1":{"start":{"line":7,"column":8},"end":{"line":7,"column":20}},"2":{"start":{"line":20,"column":21},"end":{"line":20,"column":68}},"3":{"start":{"line":21,"column":8},"end":{"line":23,"column":22}},"4":{"start":{"line":28,"column":21},"end":{"line":28,"column":78}},"5":{"start":{"line":29,"column":8},"end":{"line":31,"column":22}},"6":{"start":{"line":35,"column":20},"end":{"line":35,"column":38}},"7":{"start":{"line":36,"column":8},"end":{"line":38,"column":22}},"8":{"start":{"line":42,"column":8},"end":{"line":44,"column":22}},"9":{"start":{"line":48,"column":20},"end":{"line":48,"column":30}},"10":{"start":{"line":49,"column":8},"end":{"line":51,"column":22}},"11":{"start":{"line":55,"column":21},"end":{"line":55,"column":35}},"12":{"start":{"line":56,"column":8},"end":{"line":58,"column":22}},"13":{"start":{"line":62,"column":21},"end":{"line":62,"column":30}},"14":{"start":{"line":63,"column":8},"end":{"line":65,"column":22}},"15":{"start":{"line":70,"column":20},"end":{"line":70,"column":79}},"16":{"start":{"line":71,"column":8},"end":{"line":73,"column":22}},"17":{"start":{"line":77,"column":21},"end":{"line":77,"column":40}},"18":{"start":{"line":78,"column":8},"end":{"line":80,"column":22}}},"fnMap":{"0":{"name":"(anonymous_0)","decl":{"start":{"line":6,"column":4},"end":{"line":6,"column":5}},"loc":{"start":{"line":6,"column":22},"end":{"line":8,"column":5}},"line":6},"1":{"name":"(anonymous_1)","decl":{"start":{"line":19,"column":4},"end":{"line":19,"column":5}},"loc":{"start":{"line":19,"column":154},"end":{"line":24,"column":5}},"line":19},"2":{"name":"(anonymous_2)","decl":{"start":{"line":26,"column":4},"end":{"line":26,"column":5}},"loc":{"start":{"line":27,"column":67},"end":{"line":32,"column":5}},"line":27},"3":{"name":"(anonymous_3)","decl":{"start":{"line":34,"column":4},"end":{"line":34,"column":5}},"loc":{"start":{"line":34,"column":101},"end":{"line":39,"column":5}},"line":34},"4":{"name":"(anonymous_4)","decl":{"start":{"line":41,"column":4},"end":{"line":41,"column":5}},"loc":{"start":{"line":41,"column":68},"end":{"line":45,"column":5}},"line":41},"5":{"name":"(anonymous_5)","decl":{"start":{"line":47,"column":4},"end":{"line":47,"column":5}},"loc":{"start":{"line":47,"column":86},"end":{"line":52,"column":5}},"line":47},"6":{"name":"(anonymous_6)","decl":{"start":{"line":54,"column":4},"end":{"line":54,"column":5}},"loc":{"start":{"line":54,"column":94},"end":{"line":59,"column":5}},"line":54},"7":{"name":"(anonymous_7)","decl":{"start":{"line":61,"column":4},"end":{"line":61,"column":5}},"loc":{"start":{"line":61,"column":88},"end":{"line":66,"column":5}},"line":61},"8":{"name":"(anonymous_8)","decl":{"start":{"line":68,"column":4},"end":{"line":68,"column":5}},"loc":{"start":{"line":69,"column":91},"end":{"line":74,"column":5}},"line":69},"9":{"name":"(anonymous_9)","decl":{"start":{"line":76,"column":4},"end":{"line":76,"column":5}},"loc":{"start":{"line":76,"column":111},"end":{"line":81,"column":5}},"line":76}},"branchMap":{},"s":{"0":1,"1":1,"2":2,"3":2,"4":0,"5":0,"6":0,"7":0,"8":1,"9":1,"10":1,"11":2,"12":2,"13":0,"14":0,"15":1,"16":1,"17":1,"18":1},"f":{"0":1,"1":2,"2":0,"3":0,"4":1,"5":1,"6":2,"7":0,"8":1,"9":1},"b":{},"_coverageSchema":"43e27e138ebf9cfc5966b082cf9a028302ed4184","hash":"f75286ecc69751add04ddd8e62477f4bc2c4d4a6"}
,"C:\\Code\\Git\\harmoni\\server\\src\\dao\\dao.js": {"path":"C:\\Code\\Git\\harmoni\\server\\src\\dao\\dao.js","statementMap":{"0":{"start":{"line":2,"column":0},"end":{"line":29,"column":2}},"1":{"start":{"line":5,"column":8},"end":{"line":5,"column":25}},"2":{"start":{"line":9,"column":8},"end":{"line":27,"column":11}},"3":{"start":{"line":10,"column":12},"end":{"line":10,"column":54}},"4":{"start":{"line":11,"column":12},"end":{"line":26,"column":13}},"5":{"start":{"line":12,"column":16},"end":{"line":12,"column":53}},"6":{"start":{"line":13,"column":16},"end":{"line":13,"column":59}},"7":{"start":{"line":15,"column":16},"end":{"line":15,"column":56}},"8":{"start":{"line":16,"column":16},"end":{"line":25,"column":19}},"9":{"start":{"line":17,"column":20},"end":{"line":17,"column":41}},"10":{"start":{"line":18,"column":20},"end":{"line":24,"column":21}},"11":{"start":{"line":19,"column":24},"end":{"line":19,"column":41}},"12":{"start":{"line":20,"column":24},"end":{"line":20,"column":52}},"13":{"start":{"line":22,"column":24},"end":{"line":22,"column":58}},"14":{"start":{"line":23,"column":24},"end":{"line":23,"column":44}}},"fnMap":{"0":{"name":"(anonymous_0)","decl":{"start":{"line":4,"column":4},"end":{"line":4,"column":5}},"loc":{"start":{"line":4,"column":30},"end":{"line":6,"column":5}},"line":4},"1":{"name":"(anonymous_1)","decl":{"start":{"line":8,"column":4},"end":{"line":8,"column":5}},"loc":{"start":{"line":8,"column":58},"end":{"line":28,"column":5}},"line":8},"2":{"name":"(anonymous_2)","decl":{"start":{"line":9,"column":32},"end":{"line":9,"column":33}},"loc":{"start":{"line":9,"column":53},"end":{"line":27,"column":9}},"line":9},"3":{"name":"(anonymous_3)","decl":{"start":{"line":16,"column":46},"end":{"line":16,"column":47}},"loc":{"start":{"line":16,"column":61},"end":{"line":25,"column":17}},"line":16}},"branchMap":{"0":{"loc":{"start":{"line":11,"column":12},"end":{"line":26,"column":13}},"type":"if","locations":[{"start":{"line":11,"column":12},"end":{"line":26,"column":13}},{"start":{"line":11,"column":12},"end":{"line":26,"column":13}}],"line":11},"1":{"loc":{"start":{"line":18,"column":20},"end":{"line":24,"column":21}},"type":"if","locations":[{"start":{"line":18,"column":20},"end":{"line":24,"column":21}},{"start":{"line":18,"column":20},"end":{"line":24,"column":21}}],"line":18}},"s":{"0":5,"1":5,"2":37,"3":37,"4":37,"5":0,"6":0,"7":37,"8":37,"9":37,"10":37,"11":0,"12":0,"13":37,"14":37},"f":{"0":5,"1":37,"2":37,"3":37},"b":{"0":[0,37],"1":[0,37]},"_coverageSchema":"43e27e138ebf9cfc5966b082cf9a028302ed4184","hash":"399a9e9af1c6fb2c08f60e36b711175f07a1e0cc"}
,"C:\\Code\\Git\\harmoni\\server\\src\\dao\\equipmentDao.js": {"path":"C:\\Code\\Git\\harmoni\\server\\src\\dao\\equipmentDao.js","statementMap":{"0":{"start":{"line":3,"column":12},"end":{"line":3,"column":31}},"1":{"start":{"line":7,"column":8},"end":{"line":7,"column":20}},"2":{"start":{"line":16,"column":21},"end":{"line":16,"column":27}},"3":{"start":{"line":17,"column":8},"end":{"line":19,"column":22}},"4":{"start":{"line":28,"column":21},"end":{"line":28,"column":34}},"5":{"start":{"line":29,"column":8},"end":{"line":31,"column":22}},"6":{"start":{"line":39,"column":8},"end":{"line":41,"column":26}},"7":{"start":{"line":50,"column":21},"end":{"line":50,"column":35}},"8":{"start":{"line":51,"column":8},"end":{"line":53,"column":26}},"9":{"start":{"line":62,"column":21},"end":{"line":62,"column":27}},"10":{"start":{"line":63,"column":8},"end":{"line":65,"column":26}},"11":{"start":{"line":74,"column":21},"end":{"line":74,"column":28}},"12":{"start":{"line":75,"column":8},"end":{"line":77,"column":22}},"13":{"start":{"line":81,"column":21},"end":{"line":81,"column":42}},"14":{"start":{"line":82,"column":8},"end":{"line":84,"column":22}},"15":{"start":{"line":88,"column":21},"end":{"line":88,"column":39}},"16":{"start":{"line":89,"column":8},"end":{"line":91,"column":22}},"17":{"start":{"line":95,"column":21},"end":{"line":95,"column":47}},"18":{"start":{"line":96,"column":8},"end":{"line":98,"column":22}}},"fnMap":{"0":{"name":"(anonymous_0)","decl":{"start":{"line":6,"column":4},"end":{"line":6,"column":5}},"loc":{"start":{"line":6,"column":22},"end":{"line":8,"column":5}},"line":6},"1":{"name":"(anonymous_1)","decl":{"start":{"line":15,"column":4},"end":{"line":15,"column":5}},"loc":{"start":{"line":15,"column":84},"end":{"line":20,"column":5}},"line":15},"2":{"name":"(anonymous_2)","decl":{"start":{"line":27,"column":4},"end":{"line":27,"column":5}},"loc":{"start":{"line":27,"column":91},"end":{"line":32,"column":5}},"line":27},"3":{"name":"(anonymous_3)","decl":{"start":{"line":38,"column":4},"end":{"line":38,"column":5}},"loc":{"start":{"line":38,"column":70},"end":{"line":42,"column":5}},"line":38},"4":{"name":"(anonymous_4)","decl":{"start":{"line":49,"column":4},"end":{"line":49,"column":5}},"loc":{"start":{"line":49,"column":93},"end":{"line":54,"column":5}},"line":49},"5":{"name":"(anonymous_5)","decl":{"start":{"line":61,"column":4},"end":{"line":61,"column":5}},"loc":{"start":{"line":61,"column":87},"end":{"line":66,"column":5}},"line":61},"6":{"name":"(anonymous_6)","decl":{"start":{"line":73,"column":4},"end":{"line":73,"column":5}},"loc":{"start":{"line":73,"column":89},"end":{"line":78,"column":5}},"line":73},"7":{"name":"(anonymous_7)","decl":{"start":{"line":80,"column":4},"end":{"line":80,"column":5}},"loc":{"start":{"line":80,"column":119},"end":{"line":85,"column":5}},"line":80},"8":{"name":"(anonymous_8)","decl":{"start":{"line":87,"column":4},"end":{"line":87,"column":5}},"loc":{"start":{"line":87,"column":113},"end":{"line":92,"column":5}},"line":87},"9":{"name":"(anonymous_9)","decl":{"start":{"line":94,"column":4},"end":{"line":94,"column":5}},"loc":{"start":{"line":94,"column":127},"end":{"line":99,"column":5}},"line":94}},"branchMap":{},"s":{"0":1,"1":1,"2":1,"3":1,"4":1,"5":1,"6":1,"7":1,"8":1,"9":1,"10":1,"11":1,"12":1,"13":3,"14":3,"15":1,"16":1,"17":2,"18":2},"f":{"0":1,"1":1,"2":1,"3":1,"4":1,"5":1,"6":1,"7":3,"8":1,"9":2},"b":{},"_coverageSchema":"43e27e138ebf9cfc5966b082cf9a028302ed4184","hash":"644b4d4212084af983d51e52e0866d9c151519c2"}
,"C:\\Code\\Git\\harmoni\\server\\src\\dao\\eventDao.js": {"path":"C:\\Code\\Git\\harmoni\\server\\src\\dao\\eventDao.js","statementMap":{"0":{"start":{"line":3,"column":12},"end":{"line":3,"column":31}},"1":{"start":{"line":7,"column":8},"end":{"line":7,"column":20}},"2":{"start":{"line":11,"column":23},"end":{"line":11,"column":146}},"3":{"start":{"line":12,"column":8},"end":{"line":12,"column":39}},"4":{"start":{"line":13,"column":8},"end":{"line":13,"column":77}},"5":{"start":{"line":17,"column":8},"end":{"line":17,"column":57}},"6":{"start":{"line":21,"column":21},"end":{"line":21,"column":31}},"7":{"start":{"line":22,"column":8},"end":{"line":22,"column":65}},"8":{"start":{"line":26,"column":21},"end":{"line":26,"column":27}},"9":{"start":{"line":27,"column":8},"end":{"line":27,"column":67}},"10":{"start":{"line":31,"column":21},"end":{"line":31,"column":32}},"11":{"start":{"line":32,"column":8},"end":{"line":34,"column":22}},"12":{"start":{"line":38,"column":21},"end":{"line":38,"column":31}},"13":{"start":{"line":39,"column":8},"end":{"line":41,"column":22}},"14":{"start":{"line":45,"column":21},"end":{"line":45,"column":31}},"15":{"start":{"line":46,"column":8},"end":{"line":48,"column":22}},"16":{"start":{"line":52,"column":21},"end":{"line":52,"column":31}},"17":{"start":{"line":53,"column":8},"end":{"line":55,"column":22}}},"fnMap":{"0":{"name":"(anonymous_0)","decl":{"start":{"line":6,"column":4},"end":{"line":6,"column":5}},"loc":{"start":{"line":6,"column":22},"end":{"line":8,"column":5}},"line":6},"1":{"name":"(anonymous_1)","decl":{"start":{"line":10,"column":4},"end":{"line":10,"column":5}},"loc":{"start":{"line":10,"column":80},"end":{"line":14,"column":5}},"line":10},"2":{"name":"(anonymous_2)","decl":{"start":{"line":16,"column":4},"end":{"line":16,"column":5}},"loc":{"start":{"line":16,"column":67},"end":{"line":18,"column":5}},"line":16},"3":{"name":"(anonymous_3)","decl":{"start":{"line":20,"column":4},"end":{"line":20,"column":5}},"loc":{"start":{"line":20,"column":84},"end":{"line":23,"column":5}},"line":20},"4":{"name":"(anonymous_4)","decl":{"start":{"line":25,"column":4},"end":{"line":25,"column":5}},"loc":{"start":{"line":25,"column":83},"end":{"line":28,"column":5}},"line":25},"5":{"name":"(anonymous_5)","decl":{"start":{"line":30,"column":4},"end":{"line":30,"column":5}},"loc":{"start":{"line":30,"column":95},"end":{"line":35,"column":5}},"line":30},"6":{"name":"(anonymous_6)","decl":{"start":{"line":37,"column":4},"end":{"line":37,"column":5}},"loc":{"start":{"line":37,"column":85},"end":{"line":42,"column":5}},"line":37},"7":{"name":"(anonymous_7)","decl":{"start":{"line":44,"column":4},"end":{"line":44,"column":5}},"loc":{"start":{"line":44,"column":94},"end":{"line":49,"column":5}},"line":44},"8":{"name":"(anonymous_8)","decl":{"start":{"line":51,"column":4},"end":{"line":51,"column":5}},"loc":{"start":{"line":51,"column":91},"end":{"line":56,"column":5}},"line":51}},"branchMap":{},"s":{"0":1,"1":1,"2":1,"3":1,"4":1,"5":1,"6":0,"7":0,"8":0,"9":0,"10":2,"11":2,"12":1,"13":1,"14":1,"15":1,"16":0,"17":0},"f":{"0":1,"1":1,"2":1,"3":0,"4":0,"5":2,"6":1,"7":1,"8":0},"b":{},"_coverageSchema":"43e27e138ebf9cfc5966b082cf9a028302ed4184","hash":"d4faf4252c8d23aa1ccc31b52448510cefac25ba"}
,"C:\\Code\\Git\\harmoni\\server\\src\\dao\\ticketDao.js": {"path":"C:\\Code\\Git\\harmoni\\server\\src\\dao\\ticketDao.js","statementMap":{"0":{"start":{"line":3,"column":10},"end":{"line":3,"column":29}},"1":{"start":{"line":7,"column":8},"end":{"line":7,"column":20}},"2":{"start":{"line":13,"column":21},"end":{"line":13,"column":68}},"3":{"start":{"line":14,"column":8},"end":{"line":16,"column":22}},"4":{"start":{"line":21,"column":8},"end":{"line":23,"column":22}},"5":{"start":{"line":27,"column":21},"end":{"line":27,"column":32}},"6":{"start":{"line":28,"column":8},"end":{"line":30,"column":22}},"7":{"start":{"line":35,"column":18},"end":{"line":35,"column":81}},"8":{"start":{"line":36,"column":8},"end":{"line":37,"column":23}},"9":{"start":{"line":41,"column":8},"end":{"line":45,"column":9}}},"fnMap":{"0":{"name":"(anonymous_0)","decl":{"start":{"line":6,"column":4},"end":{"line":6,"column":5}},"loc":{"start":{"line":6,"column":22},"end":{"line":9,"column":5}},"line":6},"1":{"name":"(anonymous_1)","decl":{"start":{"line":11,"column":4},"end":{"line":11,"column":5}},"loc":{"start":{"line":12,"column":64},"end":{"line":17,"column":5}},"line":12},"2":{"name":"(anonymous_2)","decl":{"start":{"line":20,"column":4},"end":{"line":20,"column":5}},"loc":{"start":{"line":20,"column":60},"end":{"line":24,"column":5}},"line":20},"3":{"name":"(anonymous_3)","decl":{"start":{"line":26,"column":4},"end":{"line":26,"column":5}},"loc":{"start":{"line":26,"column":80},"end":{"line":31,"column":5}},"line":26},"4":{"name":"(anonymous_4)","decl":{"start":{"line":34,"column":8},"end":{"line":34,"column":9}},"loc":{"start":{"line":34,"column":60},"end":{"line":38,"column":5}},"line":34},"5":{"name":"(anonymous_5)","decl":{"start":{"line":40,"column":4},"end":{"line":40,"column":5}},"loc":{"start":{"line":40,"column":51},"end":{"line":46,"column":5}},"line":40}},"branchMap":{},"s":{"0":1,"1":1,"2":1,"3":1,"4":1,"5":1,"6":1,"7":1,"8":1,"9":1},"f":{"0":1,"1":1,"2":1,"3":1,"4":1,"5":1},"b":{},"_coverageSchema":"43e27e138ebf9cfc5966b082cf9a028302ed4184","hash":"3bcb4aff13f93ea8ef4b5802c8e5d9f66f4a5ea6"}
,"C:\\Code\\Git\\harmoni\\server\\src\\dao\\userDao.js": {"path":"C:\\Code\\Git\\harmoni\\server\\src\\dao\\userDao.js","statementMap":{"0":{"start":{"line":3,"column":12},"end":{"line":3,"column":31}},"1":{"start":{"line":7,"column":8},"end":{"line":7,"column":20}},"2":{"start":{"line":18,"column":21},"end":{"line":18,"column":29}},"3":{"start":{"line":19,"column":8},"end":{"line":21,"column":22}},"4":{"start":{"line":25,"column":21},"end":{"line":25,"column":31}},"5":{"start":{"line":26,"column":8},"end":{"line":28,"column":22}},"6":{"start":{"line":32,"column":21},"end":{"line":32,"column":31}},"7":{"start":{"line":33,"column":8},"end":{"line":35,"column":22}},"8":{"start":{"line":39,"column":21},"end":{"line":39,"column":31}},"9":{"start":{"line":40,"column":8},"end":{"line":42,"column":22}},"10":{"start":{"line":53,"column":21},"end":{"line":53,"column":62}},"11":{"start":{"line":54,"column":8},"end":{"line":56,"column":22}},"12":{"start":{"line":61,"column":8},"end":{"line":65,"column":10}}},"fnMap":{"0":{"name":"(anonymous_0)","decl":{"start":{"line":6,"column":4},"end":{"line":6,"column":5}},"loc":{"start":{"line":6,"column":22},"end":{"line":8,"column":5}},"line":6},"1":{"name":"(anonymous_1)","decl":{"start":{"line":17,"column":4},"end":{"line":17,"column":5}},"loc":{"start":{"line":17,"column":81},"end":{"line":22,"column":5}},"line":17},"2":{"name":"(anonymous_2)","decl":{"start":{"line":24,"column":4},"end":{"line":24,"column":5}},"loc":{"start":{"line":24,"column":85},"end":{"line":29,"column":5}},"line":24},"3":{"name":"(anonymous_3)","decl":{"start":{"line":31,"column":4},"end":{"line":31,"column":5}},"loc":{"start":{"line":31,"column":83},"end":{"line":36,"column":5}},"line":31},"4":{"name":"(anonymous_4)","decl":{"start":{"line":38,"column":4},"end":{"line":38,"column":5}},"loc":{"start":{"line":38,"column":79},"end":{"line":43,"column":5}},"line":38},"5":{"name":"(anonymous_5)","decl":{"start":{"line":52,"column":4},"end":{"line":52,"column":5}},"loc":{"start":{"line":52,"column":95},"end":{"line":57,"column":5}},"line":52},"6":{"name":"(anonymous_6)","decl":{"start":{"line":60,"column":4},"end":{"line":60,"column":5}},"loc":{"start":{"line":60,"column":42},"end":{"line":66,"column":5}},"line":60}},"branchMap":{},"s":{"0":1,"1":1,"2":1,"3":1,"4":1,"5":1,"6":1,"7":1,"8":1,"9":1,"10":1,"11":1,"12":1},"f":{"0":1,"1":1,"2":1,"3":1,"4":1,"5":1,"6":1},"b":{},"_coverageSchema":"43e27e138ebf9cfc5966b082cf9a028302ed4184","hash":"806a5d266f9e3947a48581d510d0c01587d53552"}
}
